# JRE version: Java(TM) SE Runtime Environment (17.0.8+9) (build 17.0.8+9-LTS-211)
# Java VM: Java HotSpot(TM) 64-Bit Server VM (17.0.8+9-LTS-211, mixed mode, sharing, tiered, compressed oops, compressed class ptrs, g1 gc, windows-amd64)
GC Precious Log:
 CPUs: 16 total, 16 available
 Memory: 15763M
 Large Page Support: Disabled
 NUMA Support: Disabled
 Compressed Oops: Enabled (32-bit)
 Heap Region Size: 1M
 Heap Min Capacity: 8M
 Heap Initial Capacity: 248M
 Heap Max Capacity: 2G
 Pre-touch: Disabled
 Parallel Workers: 13
 Concurrent Workers: 3
 Concurrent Refinement Workers: 13
 Periodic GC: Disabled
Heap:
 garbage-first heap   total 316416K, used 199867K [0x0000000080000000, 0x0000000100000000)
  region size 1024K, 10 young (10240K), 10 survivors (10240K)
 Metaspace       used 108617K, committed 109504K, reserved 557056K
  class space    used 14978K, committed 15424K, reserved 425984K
GC Heap History (20 events):
Event: 16.144 GC heap after
{Heap after GC invocations=41 (full 0):
 garbage-first heap   total 184320K, used 113728K [0x0000000080000000, 0x0000000100000000)
  region size 1024K, 2 young (2048K), 2 survivors (2048K)
 Metaspace       used 88418K, committed 89280K, reserved 557056K
  class space    used 12267K, committed 12672K, reserved 425984K
}
Event: 18.157 GC heap before
{Heap before GC invocations=41 (full 0):
 garbage-first heap   total 184320K, used 149568K [0x0000000080000000, 0x0000000100000000)
  region size 1024K, 38 young (38912K), 2 survivors (2048K)
 Metaspace       used 88701K, committed 89536K, reserved 557056K
  class space    used 12275K, committed 12672K, reserved 425984K
}
Event: 18.160 GC heap after
{Heap after GC invocations=42 (full 0):
 garbage-first heap   total 184320K, used 118741K [0x0000000080000000, 0x0000000100000000)
  region size 1024K, 5 young (5120K), 5 survivors (5120K)
 Metaspace       used 88701K, committed 89536K, reserved 557056K
  class space    used 12275K, committed 12672K, reserved 425984K
}
Event: 18.429 GC heap before
{Heap before GC invocations=43 (full 0):
 garbage-first heap   total 211968K, used 152533K [0x0000000080000000, 0x0000000100000000)
  region size 1024K, 38 young (38912K), 5 survivors (5120K)
 Metaspace       used 91088K, committed 91968K, reserved 557056K
  class space    used 12648K, committed 13056K, reserved 425984K
}
Event: 18.432 GC heap after
{Heap after GC invocations=44 (full 0):
 garbage-first heap   total 211968K, used 123427K [0x0000000080000000, 0x0000000100000000)
  region size 1024K, 5 young (5120K), 5 survivors (5120K)
 Metaspace       used 91088K, committed 91968K, reserved 557056K
  class space    used 12648K, committed 13056K, reserved 425984K
}
Event: 18.486 GC heap before
{Heap before GC invocations=44 (full 0):
 garbage-first heap   total 211968K, used 128547K [0x0000000080000000, 0x0000000100000000)
  region size 1024K, 10 young (10240K), 5 survivors (5120K)
 Metaspace       used 91695K, committed 92544K, reserved 557056K
  class space    used 12730K, committed 13120K, reserved 425984K
}
Event: 18.491 GC heap after
{Heap after GC invocations=45 (full 0):
 garbage-first heap   total 316416K, used 115330K [0x0000000080000000, 0x0000000100000000)
  region size 1024K, 2 young (2048K), 2 survivors (2048K)
 Metaspace       used 91695K, committed 92544K, reserved 557056K
  class space    used 12730K, committed 13120K, reserved 425984K
}
Event: 19.333 GC heap before
{Heap before GC invocations=45 (full 0):
 garbage-first heap   total 316416K, used 231042K [0x0000000080000000, 0x0000000100000000)
  region size 1024K, 115 young (117760K), 2 survivors (2048K)
 Metaspace       used 94386K, committed 95296K, reserved 557056K
  class space    used 13000K, committed 13440K, reserved 425984K
}
Event: 19.341 GC heap after
{Heap after GC invocations=46 (full 0):
 garbage-first heap   total 316416K, used 128577K [0x0000000080000000, 0x0000000100000000)
  region size 1024K, 14 young (14336K), 14 survivors (14336K)
 Metaspace       used 94386K, committed 95296K, reserved 557056K
  class space    used 13000K, committed 13440K, reserved 425984K
}
Event: 19.985 GC heap before
{Heap before GC invocations=46 (full 0):
 garbage-first heap   total 316416K, used 253505K [0x0000000080000000, 0x0000000100000000)
  region size 1024K, 121 young (123904K), 14 survivors (14336K)
 Metaspace       used 96782K, committed 97728K, reserved 557056K
  class space    used 13218K, committed 13696K, reserved 425984K
}
Event: 19.993 GC heap after
{Heap after GC invocations=47 (full 0):
 garbage-first heap   total 316416K, used 135806K [0x0000000080000000, 0x0000000100000000)
  region size 1024K, 8 young (8192K), 8 survivors (8192K)
 Metaspace       used 96782K, committed 97728K, reserved 557056K
  class space    used 13218K, committed 13696K, reserved 425984K
}
Event: 20.486 GC heap before
{Heap before GC invocations=47 (full 0):
 garbage-first heap   total 316416K, used 259710K [0x0000000080000000, 0x0000000100000000)
  region size 1024K, 114 young (116736K), 8 survivors (8192K)
 Metaspace       used 98655K, committed 99584K, reserved 557056K
  class space    used 13461K, committed 13952K, reserved 425984K
}
Event: 20.493 GC heap after
{Heap after GC invocations=48 (full 0):
 garbage-first heap   total 316416K, used 144384K [0x0000000080000000, 0x0000000100000000)
  region size 1024K, 15 young (15360K), 15 survivors (15360K)
 Metaspace       used 98655K, committed 99584K, reserved 557056K
  class space    used 13461K, committed 13952K, reserved 425984K
}
Event: 20.641 GC heap before
{Heap before GC invocations=48 (full 0):
 garbage-first heap   total 316416K, used 263168K [0x0000000080000000, 0x0000000100000000)
  region size 1024K, 118 young (120832K), 15 survivors (15360K)
 Metaspace       used 99849K, committed 100800K, reserved 557056K
  class space    used 13624K, committed 14080K, reserved 425984K
}
Event: 20.650 GC heap after
{Heap after GC invocations=49 (full 0):
 garbage-first heap   total 316416K, used 164762K [0x0000000080000000, 0x0000000100000000)
  region size 1024K, 15 young (15360K), 15 survivors (15360K)
 Metaspace       used 99849K, committed 100800K, reserved 557056K
  class space    used 13624K, committed 14080K, reserved 425984K
}
Event: 20.921 GC heap before
{Heap before GC invocations=49 (full 0):
 garbage-first heap   total 316416K, used 249754K [0x0000000080000000, 0x0000000100000000)
  region size 1024K, 99 young (101376K), 15 survivors (15360K)
 Metaspace       used 104182K, committed 105088K, reserved 557056K
  class space    used 14268K, committed 14720K, reserved 425984K
}
Event: 20.931 GC heap after
{Heap after GC invocations=50 (full 0):
 garbage-first heap   total 316416K, used 176973K [0x0000000080000000, 0x0000000100000000)
  region size 1024K, 13 young (13312K), 13 survivors (13312K)
 Metaspace       used 104182K, committed 105088K, reserved 557056K
  class space    used 14268K, committed 14720K, reserved 425984K
}
Event: 21.086 GC heap before
{Heap before GC invocations=50 (full 0):
 garbage-first heap   total 316416K, used 251725K [0x0000000080000000, 0x0000000100000000)
  region size 1024K, 87 young (89088K), 13 survivors (13312K)
 Metaspace       used 107011K, committed 107968K, reserved 557056K
  class space    used 14711K, committed 15168K, reserved 425984K
}
Event: 21.098 GC heap after
{Heap after GC invocations=51 (full 0):
 garbage-first heap   total 316416K, used 188181K [0x0000000080000000, 0x0000000100000000)
  region size 1024K, 11 young (11264K), 11 survivors (11264K)
 Metaspace       used 107011K, committed 107968K, reserved 557056K
  class space    used 14711K, committed 15168K, reserved 425984K
}
Event: 21.201 GC heap before
{Heap before GC invocations=51 (full 0):
 garbage-first heap   total 316416K, used 254741K [0x0000000080000000, 0x0000000100000000)
  region size 1024K, 76 young (77824K), 11 survivors (11264K)
 Metaspace       used 108617K, committed 109504K, reserved 557056K
  class space    used 14978K, committed 15424K, reserved 425984K
}

