# JRE version: Java(TM) SE Runtime Environment (17.0.8+9) (build 17.0.8+9-LTS-211)
# Java VM: Java HotSpot(TM) 64-Bit Server VM (17.0.8+9-LTS-211, mixed mode, sharing, tiered, compressed oops, compressed class ptrs, g1 gc, windows-amd64)
GC Precious Log:
 CPUs: 16 total, 16 available
 Memory: 15763M
 Large Page Support: Disabled
 NUMA Support: Disabled
 Compressed Oops: Enabled (32-bit)
 Heap Region Size: 1M
 Heap Min Capacity: 8M
 Heap Initial Capacity: 248M
 Heap Max Capacity: 2G
 Pre-touch: Disabled
 Parallel Workers: 13
 Concurrent Workers: 3
 Concurrent Refinement Workers: 13
 Periodic GC: Disabled
Heap:
 garbage-first heap   total 316416K, used 180361K [0x0000000080000000, 0x0000000100000000)
  region size 1024K, 2 young (2048K), 2 survivors (2048K)
 Metaspace       used 104017K, committed 105024K, reserved 557056K
  class space    used 14281K, committed 14784K, reserved 425984K
GC Heap History (20 events):
Event: 13.439 GC heap after
{Heap after GC invocations=37 (full 0):
 garbage-first heap   total 307200K, used 105891K [0x0000000080000000, 0x0000000100000000)
  region size 1024K, 14 young (14336K), 14 survivors (14336K)
 Metaspace       used 87300K, committed 88192K, reserved 557056K
  class space    used 12132K, committed 12544K, reserved 425984K
}
Event: 19.013 GC heap before
{Heap before GC invocations=37 (full 0):
 garbage-first heap   total 307200K, used 229795K [0x0000000080000000, 0x0000000100000000)
  region size 1024K, 135 young (138240K), 14 survivors (14336K)
 Metaspace       used 91019K, committed 91840K, reserved 557056K
  class space    used 12651K, committed 13056K, reserved 425984K
}
Event: 19.025 GC heap after
{Heap after GC invocations=38 (full 0):
 garbage-first heap   total 307200K, used 121828K [0x0000000080000000, 0x0000000100000000)
  region size 1024K, 16 young (16384K), 16 survivors (16384K)
 Metaspace       used 91019K, committed 91840K, reserved 557056K
  class space    used 12651K, committed 13056K, reserved 425984K
}
Event: 19.909 GC heap before
{Heap before GC invocations=38 (full 0):
 garbage-first heap   total 307200K, used 232420K [0x0000000080000000, 0x0000000100000000)
  region size 1024K, 125 young (128000K), 16 survivors (16384K)
 Metaspace       used 94340K, committed 95232K, reserved 557056K
  class space    used 13010K, committed 13440K, reserved 425984K
}
Event: 19.921 GC heap after
{Heap after GC invocations=39 (full 0):
 garbage-first heap   total 307200K, used 136463K [0x0000000080000000, 0x0000000100000000)
  region size 1024K, 15 young (15360K), 15 survivors (15360K)
 Metaspace       used 94340K, committed 95232K, reserved 557056K
  class space    used 13010K, committed 13440K, reserved 425984K
}
Event: 20.357 GC heap before
{Heap before GC invocations=39 (full 0):
 garbage-first heap   total 307200K, used 253199K [0x0000000080000000, 0x0000000100000000)
  region size 1024K, 114 young (116736K), 15 survivors (15360K)
 Metaspace       used 94735K, committed 95616K, reserved 557056K
  class space    used 13024K, committed 13440K, reserved 425984K
}
Event: 20.364 GC heap after
{Heap after GC invocations=40 (full 0):
 garbage-first heap   total 307200K, used 144039K [0x0000000080000000, 0x0000000100000000)
  region size 1024K, 8 young (8192K), 8 survivors (8192K)
 Metaspace       used 94735K, committed 95616K, reserved 557056K
  class space    used 13024K, committed 13440K, reserved 425984K
}
Event: 20.512 GC heap before
{Heap before GC invocations=40 (full 0):
 garbage-first heap   total 307200K, used 167591K [0x0000000080000000, 0x0000000100000000)
  region size 1024K, 31 young (31744K), 8 survivors (8192K)
 Metaspace       used 96123K, committed 96960K, reserved 557056K
  class space    used 13165K, committed 13568K, reserved 425984K
}
Event: 20.517 GC heap after
{Heap after GC invocations=41 (full 0):
 garbage-first heap   total 307200K, used 147929K [0x0000000080000000, 0x0000000100000000)
  region size 1024K, 10 young (10240K), 10 survivors (10240K)
 Metaspace       used 96123K, committed 96960K, reserved 557056K
  class space    used 13165K, committed 13568K, reserved 425984K
}
Event: 20.623 GC heap before
{Heap before GC invocations=41 (full 0):
 garbage-first heap   total 307200K, used 177625K [0x0000000080000000, 0x0000000100000000)
  region size 1024K, 39 young (39936K), 10 survivors (10240K)
 Metaspace       used 97409K, committed 98432K, reserved 557056K
  class space    used 13318K, committed 13824K, reserved 425984K
}
Event: 20.628 GC heap after
{Heap after GC invocations=42 (full 0):
 garbage-first heap   total 307200K, used 148470K [0x0000000080000000, 0x0000000100000000)
  region size 1024K, 6 young (6144K), 6 survivors (6144K)
 Metaspace       used 97409K, committed 98432K, reserved 557056K
  class space    used 13318K, committed 13824K, reserved 425984K
}
Event: 20.842 GC heap before
{Heap before GC invocations=43 (full 0):
 garbage-first heap   total 307200K, used 265206K [0x0000000080000000, 0x0000000100000000)
  region size 1024K, 95 young (97280K), 6 survivors (6144K)
 Metaspace       used 97844K, committed 98816K, reserved 557056K
  class space    used 13402K, committed 13888K, reserved 425984K
}
Event: 20.849 GC heap after
{Heap after GC invocations=44 (full 0):
 garbage-first heap   total 307200K, used 158191K [0x0000000080000000, 0x0000000100000000)
  region size 1024K, 12 young (12288K), 12 survivors (12288K)
 Metaspace       used 97844K, committed 98816K, reserved 557056K
  class space    used 13402K, committed 13888K, reserved 425984K
}
Event: 20.851 GC heap before
{Heap before GC invocations=44 (full 0):
 garbage-first heap   total 307200K, used 161263K [0x0000000080000000, 0x0000000100000000)
  region size 1024K, 15 young (15360K), 12 survivors (12288K)
 Metaspace       used 97844K, committed 98816K, reserved 557056K
  class space    used 13402K, committed 13888K, reserved 425984K
}
Event: 20.857 GC heap after
{Heap after GC invocations=45 (full 0):
 garbage-first heap   total 307200K, used 154074K [0x0000000080000000, 0x0000000100000000)
  region size 1024K, 2 young (2048K), 2 survivors (2048K)
 Metaspace       used 97844K, committed 98816K, reserved 557056K
  class space    used 13402K, committed 13888K, reserved 425984K
}
Event: 20.989 GC heap before
{Heap before GC invocations=45 (full 0):
 garbage-first heap   total 307200K, used 243162K [0x0000000080000000, 0x0000000100000000)
  region size 1024K, 90 young (92160K), 2 survivors (2048K)
 Metaspace       used 99319K, committed 100288K, reserved 557056K
  class space    used 13605K, committed 14080K, reserved 425984K
}
Event: 20.995 GC heap after
{Heap after GC invocations=46 (full 0):
 garbage-first heap   total 307200K, used 172032K [0x0000000080000000, 0x0000000100000000)
  region size 1024K, 12 young (12288K), 12 survivors (12288K)
 Metaspace       used 99319K, committed 100288K, reserved 557056K
  class space    used 13605K, committed 14080K, reserved 425984K
}
Event: 21.250 GC heap before
{Heap before GC invocations=47 (full 0):
 garbage-first heap   total 316416K, used 243712K [0x0000000080000000, 0x0000000100000000)
  region size 1024K, 83 young (84992K), 12 survivors (12288K)
 Metaspace       used 103518K, committed 104512K, reserved 557056K
  class space    used 14226K, committed 14720K, reserved 425984K
}
Event: 21.260 GC heap after
{Heap after GC invocations=48 (full 0):
 garbage-first heap   total 316416K, used 182096K [0x0000000080000000, 0x0000000100000000)
  region size 1024K, 11 young (11264K), 11 survivors (11264K)
 Metaspace       used 103518K, committed 104512K, reserved 557056K
  class space    used 14226K, committed 14720K, reserved 425984K
}
Event: 21.273 GC heap before
{Heap before GC invocations=48 (full 0):
 garbage-first heap   total 316416K, used 185168K [0x0000000080000000, 0x0000000100000000)
  region size 1024K, 15 young (15360K), 11 survivors (11264K)
 Metaspace       used 104017K, committed 105024K, reserved 557056K
  class space    used 14281K, committed 14784K, reserved 425984K
}

